<?xml version="1.0" encoding="UTF-8"?>
<!-- Generated by org.testng.reporters.JUnitReportReporter -->
<testsuite hostname="vanu" failures="0" tests="1" name="com.hrms.testscripts.TC001" time="31.167" errors="0" timestamp="26 May 2022 14:30:56 GMT">
  <testcase classname="com.hrms.testscripts.TC001" name="tc001" time="31.167"/>
</testsuite> <!-- com.hrms.testscripts.TC001 -->
